<?xml version="1.0" encoding="UTF-8"?>
<robot generator="Robot 3.0.4 (Python 3.6.4 on win32)" generated="20180731 14:18:14.717">
<suite id="s1" name="Xogame" source="D:\SCK-Dojo\xo-kmutt\atdd\ui\xogame.robot">
<test id="s1-t1" name="เกม xo ระหว่างกาดกับเลขในตาที่ 5 กาดชนะแนวนอน">
<kw name="เปิด Browser">
<kw name="Open Browser" library="SeleniumLibrary">
<doc>Opens a new browser instance to the given ``url``.</doc>
<arguments>
<arg>${URL}</arg>
<arg>chrome</arg>
</arguments>
<msg timestamp="20180731 14:18:19.880" level="INFO">Opening browser 'chrome' to base url 'http://localhost:3000/xogame'.</msg>
<status status="PASS" starttime="20180731 14:18:19.880" endtime="20180731 14:18:28.970"></status>
</kw>
<status status="PASS" starttime="20180731 14:18:19.879" endtime="20180731 14:18:28.971"></status>
</kw>
<kw name="กรอกชื่อผู้เล่นคนแรก">
<arguments>
<arg>กาด</arg>
</arguments>
<kw name="Input Text" library="SeleniumLibrary">
<doc>Types the given ``text`` into text field identified by ``locator``.</doc>
<arguments>
<arg>id=playerX</arg>
<arg>${NAME}</arg>
</arguments>
<msg timestamp="20180731 14:18:28.977" level="INFO">Typing text 'กาด' into text field 'id=playerX'.</msg>
<kw name="Capture Page Screenshot" library="SeleniumLibrary">
<doc>Takes screenshot of the current page and embeds it into log file.</doc>
<msg timestamp="20180731 14:18:29.331" level="INFO" html="yes">&lt;/td&gt;&lt;/tr&gt;&lt;tr&gt;&lt;td colspan="3"&gt;&lt;a href="selenium-screenshot-1.png"&gt;&lt;img src="selenium-screenshot-1.png" width="800px"&gt;&lt;/a&gt;</msg>
<status status="PASS" starttime="20180731 14:18:29.026" endtime="20180731 14:18:29.331"></status>
</kw>
<msg timestamp="20180731 14:18:29.452" level="FAIL">Element with locator 'id=playerX' not found.</msg>
<status status="FAIL" starttime="20180731 14:18:28.976" endtime="20180731 14:18:29.452"></status>
</kw>
<status status="FAIL" starttime="20180731 14:18:28.974" endtime="20180731 14:18:29.453"></status>
</kw>
<status status="FAIL" starttime="20180731 14:18:19.876" endtime="20180731 14:18:29.454" critical="yes">Element with locator 'id=playerX' not found.</status>
</test>
<kw name="ปิด Browser" type="teardown">
<kw name="Close Browser" library="SeleniumLibrary">
<doc>Closes the current browser.</doc>
<status status="PASS" starttime="20180731 14:18:29.460" endtime="20180731 14:18:31.896"></status>
</kw>
<status status="PASS" starttime="20180731 14:18:29.459" endtime="20180731 14:18:31.897"></status>
</kw>
<status status="FAIL" starttime="20180731 14:18:14.723" endtime="20180731 14:18:31.897"></status>
</suite>
<statistics>
<total>
<stat pass="0" fail="1">Critical Tests</stat>
<stat pass="0" fail="1">All Tests</stat>
</total>
<tag>
</tag>
<suite>
<stat pass="0" fail="1" id="s1" name="Xogame">Xogame</stat>
</suite>
</statistics>
<errors>
</errors>
</robot>
